<?xml version="1.0" encoding="UTF-8"?>
<!-- Generated by org.testng.reporters.JUnitReportReporter -->
<testsuite hostname="Goutham" failures="0" tests="1" name="com.vida.signapp.tests.LoginTest" time="10.949" errors="0" timestamp="2024-06-09T11:49:00 IST" skipped="0">
  <testcase classname="com.vida.signapp.tests.LoginTest" name="testLogin" time="10.949"/>
</testsuite> <!-- com.vida.signapp.tests.LoginTest -->
